0 info it worked if it ends with ok
1 verbose cli [ 'C:\\Program Files (x86)\\nodejs\\node.exe',
1 verbose cli   'C:\\Users\\Sim\\AppData\\Roaming\\npm\\node_modules\\npm\\bin\\npm-cli.js',
1 verbose cli   'run',
1 verbose cli   'build' ]
2 info using npm@4.0.5
3 info using node@v6.9.2
4 verbose run-script [ 'prebuild', 'build', 'postbuild' ]
5 info lifecycle RuubyPA@1.0.2~prebuild: RuubyPA@1.0.2
6 silly lifecycle RuubyPA@1.0.2~prebuild: no script for prebuild, continuing
7 info lifecycle RuubyPA@1.0.2~build: RuubyPA@1.0.2
8 verbose lifecycle RuubyPA@1.0.2~build: unsafe-perm in lifecycle true
9 verbose lifecycle RuubyPA@1.0.2~build: PATH: C:\Users\Sim\AppData\Roaming\npm\node_modules\npm\bin\node-gyp-bin;E:\BitBucket\rubby1\node_modules\.bin;C:\ProgramData\Oracle\Java\javapath;C:\Windows\system32;C:\Windows;C:\Windows\System32\Wbem;C:\Windows\System32\WindowsPowerShell\v1.0\;C:\Program Files\Java\jdk1.8.0_101\bin\;C:\Users\Sim\.dnx\bin;C:\Program Files\Microsoft DNX\Dnvm\;C:\Program Files\Microsoft SQL Server\130\Tools\Binn\;C:\Program Files\Git\cmd;C:\Python27;C:\Python27\Scripts\;C:\ProgramData\chocolatey\bin;C:\Users\Sim\AppData\Local\Android\sdk\platform-tools;C:\Users\Sim\AppData\Local\Android\sdk\tools;C:\Ant\apache-ant-1.9.7\bin;C:\Program Files (x86)\nodejs\;C:\HashiCorp\Vagrant\bin;C:\Users\Sim\AppData\Roaming\npm
10 verbose lifecycle RuubyPA@1.0.2~build: CWD: E:\BitBucket\rubby1
11 silly lifecycle RuubyPA@1.0.2~build: Args: [ '/d /s /c', 'gulp build' ]
12 silly lifecycle RuubyPA@1.0.2~build: Returned: code: 1  signal: null
13 info lifecycle RuubyPA@1.0.2~build: Failed to exec build script
14 verbose stack Error: RuubyPA@1.0.2 build: `gulp build`
14 verbose stack Exit status 1
14 verbose stack     at EventEmitter.<anonymous> (C:\Users\Sim\AppData\Roaming\npm\node_modules\npm\lib\utils\lifecycle.js:279:16)
14 verbose stack     at emitTwo (events.js:106:13)
14 verbose stack     at EventEmitter.emit (events.js:191:7)
14 verbose stack     at ChildProcess.<anonymous> (C:\Users\Sim\AppData\Roaming\npm\node_modules\npm\lib\utils\spawn.js:40:14)
14 verbose stack     at emitTwo (events.js:106:13)
14 verbose stack     at ChildProcess.emit (events.js:191:7)
14 verbose stack     at maybeClose (internal/child_process.js:877:16)
14 verbose stack     at Process.ChildProcess._handle.onexit (internal/child_process.js:226:5)
15 verbose pkgid RuubyPA@1.0.2
16 verbose cwd E:\BitBucket\rubby1
17 error Windows_NT 6.1.7601
18 error argv "C:\\Program Files (x86)\\nodejs\\node.exe" "C:\\Users\\Sim\\AppData\\Roaming\\npm\\node_modules\\npm\\bin\\npm-cli.js" "run" "build"
19 error node v6.9.2
20 error npm  v4.0.5
21 error code ELIFECYCLE
22 error RuubyPA@1.0.2 build: `gulp build`
22 error Exit status 1
23 error Failed at the RuubyPA@1.0.2 build script 'gulp build'.
23 error Make sure you have the latest version of node.js and npm installed.
23 error If you do, this is most likely a problem with the RuubyPA package,
23 error not with npm itself.
23 error Tell the author that this fails on your system:
23 error     gulp build
23 error You can get information on how to open an issue for this project with:
23 error     npm bugs RuubyPA
23 error Or if that isn't available, you can get their info via:
23 error     npm owner ls RuubyPA
23 error There is likely additional logging output above.
24 verbose exit [ 1, true ]
